10:04:35 WinWCP Started
10:06:27 Data file: F:\Data\David Jackel\130207_004.wcp open.
10:07:51 WinWCP Started
10:39:27 WinWCP Started
10:44:57 WinWCP Started
11:16:18 WinWCP Started
11:22:58 WinWCP Started
11:32:29 WinWCP Started
11:32:45 WinWCP Started
11:32:55 New data file: F:\Data\David Jackel\130222_001.wcp created.
11:35:36 WinWCP Started
11:35:40 New data file: F:\Data\David Jackel\130222_003.wcp created.
11:38:44 WinWCP Started
11:38:48 New data file: F:\Data\David Jackel\130222_004.wcp created.
11:42:43 WinWCP Started
11:42:47 New data file: F:\Data\David Jackel\130222_005.wcp created.
11:43:29 WinWCP Started
11:43:32 New data file: F:\Data\David Jackel\130222_006.wcp created.
11:44:13 Recording Started 
11:44:33 Stopped (2 records)
